<?xml version="1.0" encoding="UTF-8"?>
<!-- Generated by org.testng.reporters.JUnitXMLReporter -->
<testsuite hostname="HSLL-HO-0662" ignored="0" name="Login page test" tests="2" failures="0" timestamp="05 Oct 2020 05:43:50 GMT" time="42.464" errors="0">
  <testcase name="doLoginTest" time="1.325" classname="com.holisol.DMSSelenium.test.LoginPageTest"/>
  <testcase name="verifyLoginTitleTest" time="0.021" classname="com.holisol.DMSSelenium.test.LoginPageTest"/>
</testsuite> <!-- Login page test -->
