<?xml version="1.0" encoding="UTF-8"?>
<!-- Generated by org.testng.reporters.JUnitXMLReporter -->
<testsuite hostname="HSLL-HO-0662" ignored="0" name="Login page test" tests="2" failures="0" timestamp="06 Oct 2020 18:49:15 GMT" time="13.712" errors="0">
  <testcase name="@BeforeTest setUp" time="13.297" classname="com.holisol.DMSSelenium.base.BaseTest">
    <failure type="java.lang.Error" message="network server is slow..check internet connection">
      <![CDATA[java.lang.Error: network server is slow..check internet connection
at com.holisol.DMSSelenium.base.BasePage.init_driver(BasePage.java:69)
at com.holisol.DMSSelenium.base.BaseTest.setUp(BaseTest.java:25)
... Removed 24 stack frames]]>
    </failure>
  </testcase> <!-- @BeforeTest setUp -->
  <testcase name="@AfterTest tearDown" time="0.0" classname="com.holisol.DMSSelenium.base.BaseTest">
    <skipped/>
  </testcase> <!-- @AfterTest tearDown -->
  <testcase name="doLoginTest" time="0.0" classname="com.holisol.DMSSelenium.test.LoginPageTest">
    <skipped/>
  </testcase> <!-- doLoginTest -->
  <testcase name="verifyLoginTitleTest" time="0.0" classname="com.holisol.DMSSelenium.test.LoginPageTest">
    <skipped/>
  </testcase> <!-- verifyLoginTitleTest -->
</testsuite> <!-- Login page test -->
