<?xml version="1.0" encoding="UTF-8"?>
<testng-results skipped="0" failed="0" ignored="0" total="2" passed="2">
  <reporter-output>
  </reporter-output>
  <suite name="Testing DMS Apps" duration-ms="42464" started-at="2020-10-05T05:43:07Z" finished-at="2020-10-05T05:43:50Z">
    <groups>
    </groups>
    <test name="Login page test" duration-ms="42464" started-at="2020-10-05T05:43:07Z" finished-at="2020-10-05T05:43:50Z">
      <class name="com.holisol.DMSSelenium.test.LoginPageTest">
        <test-method status="PASS" signature="setUp()[pri:0, instance:com.holisol.DMSSelenium.test.LoginPageTest@1c65121]" name="setUp" is-config="true" duration-ms="39592" started-at="2020-10-05T05:43:07Z" finished-at="2020-10-05T05:43:47Z">
          <reporter-output>
          </reporter-output>
        </test-method> <!-- setUp -->
        <test-method status="PASS" signature="doLoginTest()[pri:0, instance:com.holisol.DMSSelenium.test.LoginPageTest@1c65121]" name="doLoginTest" duration-ms="1325" started-at="2020-10-05T05:43:47Z" finished-at="2020-10-05T05:43:48Z">
          <reporter-output>
          </reporter-output>
        </test-method> <!-- doLoginTest -->
        <test-method status="PASS" signature="verifyLoginTitleTest()[pri:0, instance:com.holisol.DMSSelenium.test.LoginPageTest@1c65121]" name="verifyLoginTitleTest" duration-ms="21" started-at="2020-10-05T05:43:49Z" finished-at="2020-10-05T05:43:49Z">
          <reporter-output>
          </reporter-output>
        </test-method> <!-- verifyLoginTitleTest -->
        <test-method status="PASS" signature="tearDown()[pri:0, instance:com.holisol.DMSSelenium.test.LoginPageTest@1c65121]" name="tearDown" is-config="true" duration-ms="994" started-at="2020-10-05T05:43:49Z" finished-at="2020-10-05T05:43:50Z">
          <reporter-output>
          </reporter-output>
        </test-method> <!-- tearDown -->
      </class> <!-- com.holisol.DMSSelenium.test.LoginPageTest -->
    </test> <!-- Login page test -->
  </suite> <!-- Testing DMS Apps -->
</testng-results>
